<?xml version="1.0" encoding="UTF-8"?>
<testng-results skipped="0" failed="0" ignored="0" total="2" passed="2">
  <reporter-output>
  </reporter-output>
  <suite name="Suite" duration-ms="26052" started-at="2021-06-25T15:28:58 IST" finished-at="2021-06-25T15:29:24 IST">
    <groups>
    </groups>
    <test name="testng" duration-ms="26052" started-at="2021-06-25T15:28:58 IST" finished-at="2021-06-25T15:29:24 IST">
      <class name="com.Test.Reports">
        <test-method status="PASS" signature="startTest()[pri:0, instance:com.Test.Reports@551aa95a]" name="startTest" is-config="true" duration-ms="2222" started-at="2021-06-25T15:28:58 IST" finished-at="2021-06-25T15:29:00 IST">
          <reporter-output>
          </reporter-output>
        </test-method> <!-- startTest -->
        <test-method status="PASS" signature="login()[pri:1, instance:com.Test.Reports@551aa95a]" name="login" duration-ms="21168" started-at="2021-06-25T15:29:00 IST" finished-at="2021-06-25T15:29:21 IST">
          <reporter-output>
          </reporter-output>
        </test-method> <!-- login -->
        <test-method status="PASS" signature="captureStatus(org.testng.ITestResult)[pri:0, instance:com.Test.Reports@551aa95a]" name="captureStatus" is-config="true" duration-ms="702" started-at="2021-06-25T15:29:21 IST" finished-at="2021-06-25T15:29:22 IST">
          <params>
            <param index="0">
              <value>
                <![CDATA[[TestResult name=login status=SUCCESS method=Reports.login()[pri:1, instance:com.Test.Reports@551aa95a] output={null}]]]>
              </value>
            </param>
          </params>
          <reporter-output>
          </reporter-output>
        </test-method> <!-- captureStatus -->
        <test-method status="PASS" signature="logout()[pri:2, instance:com.Test.Reports@551aa95a]" name="logout" duration-ms="1" started-at="2021-06-25T15:29:22 IST" finished-at="2021-06-25T15:29:22 IST">
          <reporter-output>
          </reporter-output>
        </test-method> <!-- logout -->
        <test-method status="PASS" signature="captureStatus(org.testng.ITestResult)[pri:0, instance:com.Test.Reports@551aa95a]" name="captureStatus" is-config="true" duration-ms="374" started-at="2021-06-25T15:29:22 IST" finished-at="2021-06-25T15:29:22 IST">
          <params>
            <param index="0">
              <value>
                <![CDATA[[TestResult name=logout status=SUCCESS method=Reports.logout()[pri:2, instance:com.Test.Reports@551aa95a] output={null}]]]>
              </value>
            </param>
          </params>
          <reporter-output>
          </reporter-output>
        </test-method> <!-- captureStatus -->
        <test-method status="PASS" signature="endTest()[pri:0, instance:com.Test.Reports@551aa95a]" name="endTest" is-config="true" duration-ms="1315" started-at="2021-06-25T15:29:22 IST" finished-at="2021-06-25T15:29:24 IST">
          <reporter-output>
          </reporter-output>
        </test-method> <!-- endTest -->
      </class> <!-- com.Test.Reports -->
    </test> <!-- testng -->
  </suite> <!-- Suite -->
</testng-results>
