<?xml version="1.0" encoding="UTF-8"?>
<testng-results ignored="0" total="2" passed="2" failed="0" skipped="0">
  <reporter-output>
  </reporter-output>
  <suite started-at="2021-06-25T15:35:30 IST" name="Default suite" finished-at="2021-06-25T15:35:50 IST" duration-ms="20085">
    <groups>
    </groups>
    <test started-at="2021-06-25T15:35:30 IST" name="Default test" finished-at="2021-06-25T15:35:50 IST" duration-ms="20085">
      <class name="com.Test.Reports">
        <test-method is-config="true" signature="startTest()[pri:0, instance:com.Test.Reports@74751b3]" started-at="2021-06-25T15:35:30 IST" name="startTest" finished-at="2021-06-25T15:35:32 IST" duration-ms="1665" status="PASS">
          <reporter-output>
          </reporter-output>
        </test-method> <!-- startTest -->
        <test-method signature="login()[pri:1, instance:com.Test.Reports@74751b3]" started-at="2021-06-25T15:35:32 IST" name="login" finished-at="2021-06-25T15:35:48 IST" duration-ms="15593" status="PASS">
          <reporter-output>
          </reporter-output>
        </test-method> <!-- login -->
        <test-method is-config="true" signature="captureStatus(org.testng.ITestResult)[pri:0, instance:com.Test.Reports@74751b3]" started-at="2021-06-25T15:35:48 IST" name="captureStatus" finished-at="2021-06-25T15:35:48 IST" duration-ms="743" status="PASS">
          <params>
            <param index="0">
              <value>
                <![CDATA[[TestResult name=login status=SUCCESS method=Reports.login()[pri:1, instance:com.Test.Reports@74751b3] output={null}]]]>
              </value>
            </param>
          </params>
          <reporter-output>
          </reporter-output>
        </test-method> <!-- captureStatus -->
        <test-method signature="logout()[pri:2, instance:com.Test.Reports@74751b3]" started-at="2021-06-25T15:35:48 IST" name="logout" finished-at="2021-06-25T15:35:48 IST" duration-ms="13" status="PASS">
          <reporter-output>
          </reporter-output>
        </test-method> <!-- logout -->
        <test-method is-config="true" signature="captureStatus(org.testng.ITestResult)[pri:0, instance:com.Test.Reports@74751b3]" started-at="2021-06-25T15:35:49 IST" name="captureStatus" finished-at="2021-06-25T15:35:49 IST" duration-ms="403" status="PASS">
          <params>
            <param index="0">
              <value>
                <![CDATA[[TestResult name=logout status=SUCCESS method=Reports.logout()[pri:2, instance:com.Test.Reports@74751b3] output={null}]]]>
              </value>
            </param>
          </params>
          <reporter-output>
          </reporter-output>
        </test-method> <!-- captureStatus -->
        <test-method is-config="true" signature="endTest()[pri:0, instance:com.Test.Reports@74751b3]" started-at="2021-06-25T15:35:49 IST" name="endTest" finished-at="2021-06-25T15:35:50 IST" duration-ms="1556" status="PASS">
          <reporter-output>
          </reporter-output>
        </test-method> <!-- endTest -->
      </class> <!-- com.Test.Reports -->
    </test> <!-- Default test -->
  </suite> <!-- Default suite -->
</testng-results>
